<?xml version="1.0" encoding="UTF-8"?>
<testsuite xmlns:xsi="http://www.w3.org/2001/XMLSchema-instance" xsi:noNamespaceSchemaLocation="https://maven.apache.org/surefire/maven-surefire-plugin/xsd/surefire-test-report.xsd" name="com.app.Service.CustomerServiceTest" time="0.05" tests="3" errors="0" skipped="0" failures="0">
  <properties>
[...]
</properties>
  <testcase name="saveCustomerTest" classname="com.app.Service.CustomerServiceTest" time="0.05"/>
  <testcase name="deleteCustomerTest" classname="com.app.Service.CustomerServiceTest" time="0"/>
  <testcase name="getAllCustomersTest" classname="com.app.Service.CustomerServiceTest" time="0"/>
</testsuite>